\BOOKMARK [1][-]{section.1}{\376\377\136\217\212\000}{}% 1
\BOOKMARK [1][-]{section.2}{\376\377\133\236\232\214}{}% 2
\BOOKMARK [2][-]{subsection.2.1}{\376\377\133\236\232\214\123\237\164\006}{section.2}% 3
\BOOKMARK [2][-]{subsection.2.2}{\376\377\213\325\122\102\116\016\116\352\126\150}{section.2}% 4
\BOOKMARK [2][-]{subsection.2.3}{\376\377\133\236\232\214\145\271\154\325}{section.2}% 5
\BOOKMARK [3][-]{subsubsection.2.3.1}{\376\377\000N\000a\000O\000H\000\040\155\123\136\246\166\204\150\007\133\232}{subsection.2.3}% 6
\BOOKMARK [3][-]{subsubsection.2.3.2}{\376\377\000L\0000\000\040\166\204\155\113\133\232}{subsection.2.3}% 7
\BOOKMARK [3][-]{subsubsection.2.3.3}{\376\377\000L\000t\000\040\166\204\155\113\133\232}{subsection.2.3}% 8
\BOOKMARK [1][-]{section.3}{\376\377\176\323\147\234\116\016\213\250\213\272}{}% 9
\BOOKMARK [2][-]{subsection.3.1}{\376\377\133\236\232\214\176\323\147\234}{section.3}% 10
\BOOKMARK [3][-]{subsubsection.3.1.1}{\376\377\000N\000a\000O\000H\000\040\155\123\136\246\166\204\150\007\133\232}{subsection.3.1}% 11
\BOOKMARK [3][-]{subsubsection.3.1.2}{\376\377\0003\0000\000\040\136\246\116\013\166\204\133\236\232\214\176\323\147\234}{subsection.3.1}% 12
\BOOKMARK [3][-]{subsubsection.3.1.3}{\376\377\0003\0005\000\040\136\246\116\013\166\204\133\236\232\214\176\323\147\234}{subsection.3.1}% 13
\BOOKMARK [3][-]{subsubsection.3.1.4}{\376\377\123\315\136\224\166\204\155\073\123\026\200\375}{subsection.3.1}% 14
\BOOKMARK [2][-]{subsection.3.2}{\376\377\213\357\135\356\122\006\147\220}{section.3}% 15
\BOOKMARK [3][-]{subsubsection.3.2.1}{\376\377\174\373\176\337\213\357\135\356}{subsection.3.2}% 16
\BOOKMARK [3][-]{subsubsection.3.2.2}{\376\377\120\166\161\066\213\357\135\356}{subsection.3.2}% 17
\BOOKMARK [2][-]{subsection.3.3}{\376\377\133\236\232\214\213\250\213\272\116\016\145\071\217\333\145\271\154\325}{section.3}% 18
\BOOKMARK [3][-]{subsubsection.3.3.1}{\376\377\156\051\136\246\133\371\220\037\163\207\136\070\145\160\123\312\155\073\123\026\200\375\166\204\137\161\124\315}{subsection.3.3}% 19
\BOOKMARK [3][-]{subsubsection.3.3.2}{\376\377\145\160\143\156\160\271\123\363\117\247\166\204\124\021\116\013\120\117\171\373\163\260\214\141}{subsection.3.3}% 20
\BOOKMARK [3][-]{subsubsection.3.3.3}{\376\377\133\236\232\214\145\271\150\110\145\071\217\333}{subsection.3.3}% 21
\BOOKMARK [1][-]{section.4}{\376\377\176\323\213\355}{}% 22
