\BOOKMARK [1][-]{section.1}{\376\377\136\217\212\000}{}% 1
\BOOKMARK [1][-]{section.2}{\376\377\133\236\232\214}{}% 2
\BOOKMARK [2][-]{subsection.2.1}{\376\377\133\236\232\214\123\237\164\006}{section.2}% 3
\BOOKMARK [2][-]{subsection.2.2}{\376\377\213\325\122\102\116\016\116\352\126\150}{section.2}% 4
\BOOKMARK [2][-]{subsection.2.3}{\376\377\133\236\232\214\145\271\154\325}{section.2}% 5
\BOOKMARK [3][-]{subsubsection.2.3.1}{\376\377\205\027\174\326\217\154\123\026\145\313\121\111\136\246\166\204\155\113\133\232}{subsection.2.3}% 6
\BOOKMARK [3][-]{subsubsection.2.3.2}{\376\377\123\315\136\224\133\214\121\150\217\333\210\114\145\366\156\266\155\262\145\313\121\111\136\246\166\204\155\113\133\232}{subsection.2.3}% 7
\BOOKMARK [1][-]{section.3}{\376\377\176\323\147\234\116\016\213\250\213\272}{}% 8
\BOOKMARK [2][-]{subsection.3.1}{\376\377\220\037\163\207\136\070\145\160\124\214\123\112\210\160\147\037}{section.3}% 9
\BOOKMARK [2][-]{subsection.3.2}{\376\377\156\266\155\262\122\035\131\313\145\313\121\111\136\246\166\204\213\241\173\227}{section.3}% 10
\BOOKMARK [2][-]{subsection.3.3}{\376\377\156\051\136\246\133\371\205\027\174\326\217\154\123\026\123\315\136\224\220\037\163\207\166\204\137\161\124\315}{section.3}% 11
\BOOKMARK [2][-]{subsection.3.4}{\376\377\155\123\136\246\133\371\205\027\174\326\217\154\123\026\123\315\136\224\220\037\163\207\166\204\137\161\124\315}{section.3}% 12
\BOOKMARK [2][-]{subsection.3.5}{\376\377\145\366\225\364\133\371\205\027\174\326\217\154\123\026\123\315\136\224\220\037\163\207\166\204\137\161\124\315}{section.3}% 13
\BOOKMARK [2][-]{subsection.3.6}{\376\377\205\027\174\326\217\154\123\026\123\315\136\224\166\204\210\150\211\302\155\073\123\026\200\375}{section.3}% 14
\BOOKMARK [2][-]{subsection.3.7}{\376\377\213\357\135\356\122\006\147\220}{section.3}% 15
\BOOKMARK [3][-]{subsubsection.3.7.1}{\376\377\174\373\176\337\213\357\135\356}{subsection.3.7}% 16
\BOOKMARK [3][-]{subsubsection.3.7.2}{\376\377\120\166\161\066\213\357\135\356}{subsection.3.7}% 17
\BOOKMARK [2][-]{subsection.3.8}{\376\377\133\236\232\214\145\071\217\333\116\016\140\035\200\003}{section.3}% 18
\BOOKMARK [3][-]{subsubsection.3.8.1}{\376\377\176\277\140\047\126\336\137\122\116\016\227\136\176\277\140\047\126\336\137\122}{subsection.3.8}% 19
\BOOKMARK [3][-]{subsubsection.3.8.2}{\376\377\133\371\122\157\123\315\136\224\166\204\120\107\213\276}{subsection.3.8}% 20
\BOOKMARK [3][-]{subsubsection.3.8.3}{\376\377\121\166\116\326\145\271\154\325}{subsection.3.8}% 21
\BOOKMARK [1][-]{section.4}{\376\377\176\323\213\355}{}% 22
